
RAM:     file format elf32-littleriscv


Disassembly of section .text:

00000000 <_start>:
       0:	00010137          	lui	x2,0x10
       4:	004000ef          	jal	x1,8 <run>

00000008 <run>:
       8:	ff010113          	addi	x2,x2,-16 # fff0 <__global_pointer$+0xbc0c>
       c:	00112623          	sw	x1,12(x2)
      10:	00812423          	sw	x8,8(x2)
      14:	01010413          	addi	x8,x2,16
      18:	00000513          	addi	x10,x0,0
      1c:	00000097          	auipc	x1,0x0
      20:	010080e7          	jalr	x1,16(x1) # 2c <loop+0x8>

00000024 <loop>:
      24:	00000013          	addi	x0,x0,0
      28:	ffdff06f          	jal	x0,24 <loop>
      2c:	fc010113          	addi	x2,x2,-64
      30:	02112e23          	sw	x1,60(x2)
      34:	02812c23          	sw	x8,56(x2)
      38:	04010413          	addi	x8,x2,64
      3c:	fca42623          	sw	x10,-52(x8)
      40:	fcc42783          	lw	x15,-52(x8)
      44:	fef42423          	sw	x15,-24(x8)
      48:	000037b7          	lui	x15,0x3
      4c:	be07a783          	lw	x15,-1056(x15) # 2be0 <loop+0x2bbc>
      50:	fe842703          	lw	x14,-24(x8)
      54:	0ff77713          	andi	x14,x14,255
      58:	00e78023          	sb	x14,0(x15)
      5c:	00008067          	jalr	x0,0(x1)
	...
    2be0:	ffffffff          	.word	0xffffffff
